<?xml version="1.0" encoding="UTF-8"?>
<!-- Generated by org.testng.reporters.JUnitXMLReporter -->
<testsuite ignored="1" hostname="DESKTOP-BN58AHQ" failures="1" tests="5" name="Personal Loan" time="0.157" errors="0" timestamp="2025-09-17T00:22:31 GMT+06:00">
  <testcase classname="CH16_TestNG.runTestCaseWithoutJavaCompiler" name="Demo" time="0.028">
    <failure type="java.lang.AssertionError" message="expected [true] but found [false]">
      <![CDATA[java.lang.AssertionError: expected [true] but found [false]
at CH16_TestNG.runTestCaseWithoutJavaCompiler.Demo(runTestCaseWithoutJavaCompiler.java:25)
at java.base/java.util.ArrayList.forEach(ArrayList.java:1597)
at java.base/java.util.concurrent.FutureTask.run(FutureTask.java:317)
at java.base/java.util.concurrent.ThreadPoolExecutor.runWorker(ThreadPoolExecutor.java:1144)
at java.base/java.util.concurrent.ThreadPoolExecutor$Worker.run(ThreadPoolExecutor.java:642)
at java.base/java.lang.Thread.run(Thread.java:1575)
... Removed 20 stack frames]]>
    </failure>
  </testcase> <!-- Demo -->
  <testcase classname="CH16_TestNG.day2" name="Demo" time="0.005"/>
  <testcase classname="CH16_TestNG.day4" name="LogInHomeLoan" time="0.005"/>
  <testcase classname="CH16_TestNG.day4" name="MobileLogInHomeLoan" time="0.007"/>
  <testcase classname="CH16_TestNG.day4" name="WebLogInHomeLoan" time="0.007"/>
  <testcase classname="CH16_TestNG.runTestCaseWithoutJavaCompiler" name="ndTest" time="0.0">
    <ignored/>
  </testcase> <!-- ndTest -->
</testsuite> <!-- Personal Loan -->
